2025-10-18 07:32:36 - ExpertSystemEngine - INFO - Expert System Engine initialized with config: {'strict_validation': False, 'explain_all_decisions': True, 'track_rule_performance': True, 'auto_save_rules': True, 'max_validation_history': 10000}
2025-10-18 07:32:36 - ExpertSystemEngine - INFO - No existing rules found. Initializing with default rules.
2025-10-18 07:32:36 - ExpertSystemEngine - INFO - Added rule: JT001 - Senior Requires Experience
2025-10-18 07:32:36 - ExpertSystemEngine - INFO - Saved 1 rules to C:\IntelliCV-AI\IntelliCV\BACKEND-ADMIN-REORIENTATION\shared_backend\data\rules\expert_rules.json
2025-10-18 07:32:36 - ExpertSystemEngine - INFO - Added rule: JT002 - CXO Requires Leadership
2025-10-18 07:32:36 - ExpertSystemEngine - INFO - Saved 2 rules to C:\IntelliCV-AI\IntelliCV\BACKEND-ADMIN-REORIENTATION\shared_backend\data\rules\expert_rules.json
2025-10-18 07:32:36 - ExpertSystemEngine - INFO - Added rule: JT003 - Junior vs Senior Consistency
2025-10-18 07:32:36 - ExpertSystemEngine - INFO - Saved 3 rules to C:\IntelliCV-AI\IntelliCV\BACKEND-ADMIN-REORIENTATION\shared_backend\data\rules\expert_rules.json
2025-10-18 07:32:36 - ExpertSystemEngine - INFO - Added rule: SK001 - Programming Language Required for Developer
2025-10-18 07:32:36 - ExpertSystemEngine - INFO - Saved 4 rules to C:\IntelliCV-AI\IntelliCV\BACKEND-ADMIN-REORIENTATION\shared_backend\data\rules\expert_rules.json
2025-10-18 07:32:36 - ExpertSystemEngine - INFO - Added rule: SK002 - Duplicate Skills
2025-10-18 07:32:36 - ExpertSystemEngine - INFO - Saved 5 rules to C:\IntelliCV-AI\IntelliCV\BACKEND-ADMIN-REORIENTATION\shared_backend\data\rules\expert_rules.json
2025-10-18 07:32:36 - ExpertSystemEngine - INFO - Added rule: CO001 - Company Name Formatting
2025-10-18 07:32:36 - ExpertSystemEngine - INFO - Saved 6 rules to C:\IntelliCV-AI\IntelliCV\BACKEND-ADMIN-REORIENTATION\shared_backend\data\rules\expert_rules.json
2025-10-18 07:32:36 - ExpertSystemEngine - INFO - Added rule: CO002 - Company vs Freelance Consistency
2025-10-18 07:32:36 - ExpertSystemEngine - INFO - Saved 7 rules to C:\IntelliCV-AI\IntelliCV\BACKEND-ADMIN-REORIENTATION\shared_backend\data\rules\expert_rules.json
2025-10-18 07:32:36 - ExpertSystemEngine - INFO - Added rule: IN001 - Industry-Skills Alignment
2025-10-18 07:32:36 - ExpertSystemEngine - INFO - Saved 8 rules to C:\IntelliCV-AI\IntelliCV\BACKEND-ADMIN-REORIENTATION\shared_backend\data\rules\expert_rules.json
2025-10-18 07:32:36 - ExpertSystemEngine - INFO - Added rule: EX001 - Reasonable Experience Years
2025-10-18 07:32:36 - ExpertSystemEngine - INFO - Saved 9 rules to C:\IntelliCV-AI\IntelliCV\BACKEND-ADMIN-REORIENTATION\shared_backend\data\rules\expert_rules.json
2025-10-18 07:32:36 - ExpertSystemEngine - INFO - Added rule: EX002 - Experience Matches Timeline
2025-10-18 07:32:36 - ExpertSystemEngine - INFO - Saved 10 rules to C:\IntelliCV-AI\IntelliCV\BACKEND-ADMIN-REORIENTATION\shared_backend\data\rules\expert_rules.json
2025-10-18 07:32:36 - ExpertSystemEngine - INFO - Initialized 10 default rules
2025-10-18 07:32:36 - ExpertSystemEngine - INFO - Saved 10 rules to C:\IntelliCV-AI\IntelliCV\BACKEND-ADMIN-REORIENTATION\shared_backend\data\rules\expert_rules.json
